<?xml version="1.0" encoding="UTF-8"?>
<testng-results skipped="0" failed="0" total="1" passed="1">
  <reporter-output>
  </reporter-output>
  <suite name="Suite" duration-ms="34166" started-at="2016-04-30T19:48:00Z" finished-at="2016-04-30T19:48:34Z">
    <groups>
    </groups>
    <test name="Test chrome" duration-ms="34166" started-at="2016-04-30T19:48:00Z" finished-at="2016-04-30T19:48:34Z">
      <class name="parallel.tests.Tests_02">
        <test-method status="PASS" signature="setup(java.lang.String)[pri:0, instance:parallel.tests.Tests_02@feb3fa]" name="setup" is-config="true" duration-ms="25796" started-at="2016-05-01T01:18:00Z" finished-at="2016-05-01T01:18:26Z">
          <params>
            <param index="0">
              <value>
                <![CDATA[chrome]]>
              </value>
            </param>
          </params>
          <reporter-output>
          </reporter-output>
        </test-method> <!-- setup -->
        <test-method status="PASS" signature="testMethod1()[pri:0, instance:parallel.tests.Tests_02@feb3fa]" name="testMethod1" duration-ms="8112" started-at="2016-05-01T01:18:26Z" finished-at="2016-05-01T01:18:34Z">
          <reporter-output>
          </reporter-output>
        </test-method> <!-- testMethod1 -->
      </class> <!-- parallel.tests.Tests_02 -->
    </test> <!-- Test chrome -->
  </suite> <!-- Suite -->
</testng-results>
